{
  "stats": {
    "suites": 1,
    "tests": 1,
    "passes": 0,
    "pending": 0,
    "failures": 1,
    "start": "2026-07-27T18:01:30.768Z",
    "end": "2026-07-27T18:01:57.660Z",
    "duration": 26892,
    "testsRegistered": 1,
    "passPercent": 0,
    "pendingPercent": 0,
    "other": 0,
    "hasOther": false,
    "skipped": 0,
    "hasSkipped": false
  },
  "results": [
    {
      "uuid": "86991143-f8ce-4bdf-b318-2de8eb816440",
      "title": "",
      "fullFile": "cypress\\e2e\\qauto\\signInPom.cy.js",
      "file": "cypress\\e2e\\qauto\\signInPom.cy.js",
      "beforeHooks": [],
      "afterHooks": [],
      "tests": [],
      "suites": [
        {
          "uuid": "7dbee167-ac26-4f55-9bcb-a2b75a6e1de5",
          "title": "Sign In Form",
          "fullFile": "",
          "file": "",
          "beforeHooks": [],
          "afterHooks": [],
          "tests": [
            {
              "title": "Successful Sign In",
              "fullTitle": "Sign In Form Successful Sign In",
              "timedOut": null,
              "duration": 26841,
              "state": "failed",
              "speed": null,
              "pass": false,
              "fail": true,
              "pending": false,
              "context": "[\n  {\n    \"title\": \"cypress-mochawesome-reporter-videos-failed\",\n    \"value\": \"cypress\\\\e2e\\\\qauto\\\\signInPom.cy.js\"\n  },\n  {\n    \"title\": \"cypress-mochawesome-reporter-screenshots\",\n    \"value\": [\n      [\n        \"\\\\signInPom.cy.js\\\\Sign In Form -- Successful Sign In (failed).png\"\n      ]\n    ]\n  }\n]",
              "code": "_SignInForm.default.login(Cypress.env('MAIN_USER_EMAIL'), Cypress.env('MAIN_USER_PASSWORD'));\ncy.pause();\n_GaragePage.default.successfulLoginMessage.should('be.visible');\ncy.url().should('eq', _urls.default.garagePage);",
              "err": {
                "message": "AssertionError: Timed out retrying after 4000ms: Expected to find content: 'You have been successfully logged in' within the selector: 'div p' but never did.",
                "estack": "AssertionError: Timed out retrying after 4000ms: Expected to find content: 'You have been successfully logged in' within the selector: 'div p' but never did.\n    at get successfulLoginMessage (webpack://cypress-practice/./cypress/pom/pages/GaragePage.js:3:76)\n    at Context.eval (webpack://cypress-practice/./cypress/e2e/qauto/signInPom.cy.js:20:19)",
                "diff": null
              },
              "uuid": "1c308e77-7a86-4fb3-bb91-b26680624dc3",
              "parentUUID": "7dbee167-ac26-4f55-9bcb-a2b75a6e1de5",
              "isHook": false,
              "skipped": false
            }
          ],
          "suites": [],
          "passes": [],
          "failures": [
            "1c308e77-7a86-4fb3-bb91-b26680624dc3"
          ],
          "pending": [],
          "skipped": [],
          "duration": 26841,
          "root": false,
          "rootEmpty": false,
          "_timeout": 2000
        }
      ],
      "passes": [],
      "failures": [],
      "pending": [],
      "skipped": [],
      "duration": 0,
      "root": true,
      "rootEmpty": true,
      "_timeout": 2000
    }
  ],
  "meta": {
    "mocha": {
      "version": "7.2.0"
    },
    "mochawesome": {
      "options": {
        "quiet": false,
        "reportFilename": "mochawesome",
        "saveHtml": false,
        "saveJson": true,
        "consoleReporter": "spec",
        "useInlineDiffs": false,
        "code": true
      },
      "version": "7.1.4"
    },
    "marge": {
      "options": {
        "overwrite": false,
        "html": false,
        "json": true,
        "reportDir": "cypress\\reports\\html\\.jsons"
      },
      "version": "6.3.2"
    }
  }
}