{
  "stats": {
    "suites": 1,
    "tests": 1,
    "passes": 1,
    "pending": 0,
    "failures": 0,
    "start": "2026-07-27T18:01:23.600Z",
    "end": "2026-07-27T18:01:27.493Z",
    "duration": 3893,
    "testsRegistered": 1,
    "passPercent": 100,
    "pendingPercent": 0,
    "other": 0,
    "hasOther": false,
    "skipped": 0,
    "hasSkipped": false
  },
  "results": [
    {
      "uuid": "808b03e3-7f1f-459d-859b-3f1b31db106d",
      "title": "",
      "fullFile": "cypress\\e2e\\qauto\\signIn.cy.js",
      "file": "cypress\\e2e\\qauto\\signIn.cy.js",
      "beforeHooks": [],
      "afterHooks": [],
      "tests": [],
      "suites": [
        {
          "uuid": "2d93fb91-6a50-42bc-bc8e-99454e29ed4b",
          "title": "Sign In Form",
          "fullFile": "",
          "file": "",
          "beforeHooks": [],
          "afterHooks": [],
          "tests": [
            {
              "title": "Click Forgot Password button",
              "fullTitle": "Sign In Form Click Forgot Password button",
              "timedOut": null,
              "duration": 3771,
              "state": "passed",
              "speed": "fast",
              "pass": true,
              "fail": false,
              "pending": false,
              "context": "{\n  \"title\": \"cypress-mochawesome-reporter-videos-passed\",\n  \"value\": \"cypress\\\\e2e\\\\qauto\\\\signIn.cy.js\"\n}",
              "code": "cy.contains('Forgot password').click();\ncy.contains('h4.modal-title', 'Log in').should('not.be.visible');\ncy.contains('h4.modal-title', 'Restore access').should('be.visible');\ncy.log(`michael.krasnovskyi+${Date.now()}@gmail.com`);",
              "err": {},
              "uuid": "3c1692e8-226c-4ac1-8112-589b993cc39f",
              "parentUUID": "2d93fb91-6a50-42bc-bc8e-99454e29ed4b",
              "isHook": false,
              "skipped": false
            }
          ],
          "suites": [],
          "passes": [
            "3c1692e8-226c-4ac1-8112-589b993cc39f"
          ],
          "failures": [],
          "pending": [],
          "skipped": [],
          "duration": 3771,
          "root": false,
          "rootEmpty": false,
          "_timeout": 2000
        }
      ],
      "passes": [],
      "failures": [],
      "pending": [],
      "skipped": [],
      "duration": 0,
      "root": true,
      "rootEmpty": true,
      "_timeout": 2000
    }
  ],
  "meta": {
    "mocha": {
      "version": "7.2.0"
    },
    "mochawesome": {
      "options": {
        "quiet": false,
        "reportFilename": "mochawesome",
        "saveHtml": false,
        "saveJson": true,
        "consoleReporter": "spec",
        "useInlineDiffs": false,
        "code": true
      },
      "version": "7.1.4"
    },
    "marge": {
      "options": {
        "overwrite": false,
        "html": false,
        "json": true,
        "reportDir": "cypress\\reports\\html\\.jsons"
      },
      "version": "6.3.2"
    }
  }
}